SF:lib\common\exception.dart
DA:6,3
LF:1
LH:1
end_of_record
SF:lib\data\datasources\movie_local_data_source.dart
DA:15,1
DA:18,1
DA:20,3
DA:23,2
DA:28,1
DA:30,3
DA:33,2
DA:38,1
DA:39,3
DA:41,1
DA:48,1
DA:49,3
DA:50,4
LF:13
LH:13
end_of_record
SF:lib\data\models\movie_table.dart
DA:12,2
DA:19,2
DA:20,1
DA:21,1
DA:22,1
DA:23,1
DA:26,2
DA:27,1
DA:28,1
DA:29,1
DA:30,1
DA:33,0
DA:34,0
DA:35,0
DA:36,0
DA:37,0
DA:40,2
DA:41,1
DA:42,1
DA:43,1
DA:44,1
DA:47,2
DA:49,10
LF:23
LH:18
end_of_record
SF:lib\data\models\tv_show_table.dart
DA:11,2
DA:18,0
DA:19,0
DA:20,0
DA:21,0
DA:22,0
DA:24,2
DA:25,1
DA:26,1
DA:27,1
DA:28,1
DA:31,0
DA:32,0
DA:33,0
DA:34,0
DA:35,0
DA:38,2
DA:39,1
DA:40,1
DA:41,1
DA:42,1
DA:45,1
DA:47,5
LF:23
LH:13
end_of_record
SF:lib\domain\entities\genre.dart
DA:4,11
DA:12,4
DA:13,12
LF:3
LH:3
end_of_record
SF:lib\domain\entities\movie.dart
DA:4,9
DA:20,1
DA:41,8
DA:42,8
DA:43,8
DA:44,8
DA:45,8
DA:46,8
DA:47,8
DA:48,8
DA:49,8
DA:50,8
DA:51,8
DA:52,8
DA:53,8
DA:54,8
DA:55,8
LF:17
LH:17
end_of_record
SF:lib\domain\entities\movie_detail.dart
DA:5,6
DA:33,2
DA:34,2
DA:35,2
DA:36,2
DA:37,2
DA:38,2
DA:39,2
DA:40,2
DA:41,2
DA:42,2
DA:43,2
DA:44,2
DA:45,2
LF:14
LH:14
end_of_record
SF:lib\domain\entities\tv_show.dart
DA:4,8
DA:19,1
DA:39,7
DA:40,7
DA:41,7
DA:42,7
DA:43,7
DA:44,7
DA:45,7
DA:46,7
DA:47,7
DA:48,7
DA:49,7
DA:50,7
DA:51,7
DA:52,7
LF:16
LH:16
end_of_record
SF:lib\domain\entities\tv_show_detail.dart
DA:5,5
DA:31,2
DA:32,2
DA:33,2
DA:34,2
DA:35,2
DA:36,2
DA:37,2
DA:38,2
DA:39,2
DA:40,2
DA:41,2
DA:42,2
DA:43,2
LF:14
LH:14
end_of_record
SF:lib\common\failure.dart
DA:6,16
DA:8,2
DA:9,4
DA:13,32
DA:17,4
DA:21,6
DA:25,0
LF:7
LH:6
end_of_record
SF:lib\data\datasources\db\database_helper.dart
DA:9,0
DA:13,0
DA:17,0
DA:19,0
DA:27,0
DA:28,0
DA:29,0
DA:31,0
DA:35,0
DA:36,0
DA:43,0
DA:44,0
DA:51,0
DA:54,0
DA:55,0
DA:56,0
DA:59,0
DA:60,0
DA:61,0
DA:64,0
DA:65,0
DA:66,0
DA:69,0
DA:73,0
DA:74,0
DA:75,0
DA:78,0
DA:82,0
DA:83,0
DA:84,0
DA:87,0
DA:90,0
DA:91,0
DA:97,0
DA:98,0
DA:99,0
DA:102,0
DA:105,0
DA:106,0
DA:112,0
DA:113,0
DA:114,0
DA:118,0
DA:119,0
DA:120,0
LF:45
LH:0
end_of_record
SF:lib\data\datasources\movie_remote_data_source.dart
DA:22,1
DA:25,1
DA:28,5
DA:30,2
DA:31,4
DA:33,1
DA:38,1
DA:40,5
DA:42,2
DA:43,3
DA:45,1
DA:50,1
DA:51,2
DA:52,3
DA:54,2
DA:55,4
DA:57,1
DA:62,1
DA:64,5
DA:66,2
DA:67,4
DA:69,1
DA:74,1
DA:76,5
DA:78,2
DA:79,4
DA:81,1
DA:86,1
DA:87,2
DA:88,3
DA:90,2
DA:91,4
DA:93,1
LF:33
LH:33
end_of_record
SF:lib\data\datasources\tv_show_local_data_source.dart
DA:17,1
DA:20,1
DA:21,3
DA:23,1
DA:30,1
DA:31,3
DA:32,4
DA:36,1
DA:38,3
DA:41,2
DA:46,1
DA:48,3
DA:51,2
LF:13
LH:13
end_of_record
SF:lib\data\datasources\tv_show_remote_data_source.dart
DA:23,1
DA:26,1
DA:28,5
DA:30,2
DA:31,2
DA:32,4
DA:34,1
DA:39,1
DA:41,5
DA:43,2
DA:44,3
DA:46,1
DA:51,1
DA:52,2
DA:53,3
DA:55,2
DA:56,4
DA:58,1
DA:63,1
DA:65,5
DA:67,2
DA:68,4
DA:70,1
DA:75,1
DA:77,5
DA:79,2
DA:80,4
DA:82,1
DA:87,1
DA:88,2
DA:89,3
DA:91,2
DA:92,4
DA:94,1
LF:34
LH:34
end_of_record
SF:lib\data\models\movie_detail_model.dart
DA:6,2
DA:52,1
DA:53,1
DA:54,1
DA:55,1
DA:56,1
DA:57,1
DA:58,4
DA:59,1
DA:60,1
DA:61,1
DA:62,1
DA:63,1
DA:64,1
DA:65,2
DA:66,1
DA:67,1
DA:68,1
DA:69,1
DA:70,1
DA:71,1
DA:72,1
DA:73,1
DA:74,2
DA:75,1
DA:78,0
DA:79,0
DA:80,0
DA:81,0
DA:82,0
DA:83,0
DA:84,0
DA:85,0
DA:86,0
DA:87,0
DA:88,0
DA:89,0
DA:90,0
DA:91,0
DA:92,0
DA:93,0
DA:94,0
DA:95,0
DA:96,0
DA:97,0
DA:98,0
DA:99,0
DA:102,1
DA:103,1
DA:104,1
DA:105,1
DA:106,5
DA:107,1
DA:108,1
DA:109,1
DA:110,1
DA:111,1
DA:112,1
DA:113,1
DA:114,1
DA:115,1
DA:119,1
DA:121,1
DA:122,1
DA:123,1
DA:124,1
DA:125,1
DA:126,1
DA:127,1
DA:128,1
DA:129,1
DA:130,1
DA:131,1
DA:132,1
DA:133,1
DA:134,1
DA:135,1
DA:136,1
DA:137,1
DA:138,1
DA:139,1
DA:140,1
DA:141,1
DA:142,1
LF:84
LH:62
end_of_record
SF:lib\data\models\movie_model.dart
DA:5,4
DA:35,4
DA:36,2
DA:37,2
DA:38,8
DA:39,2
DA:40,2
DA:41,2
DA:42,4
DA:43,2
DA:44,2
DA:45,2
DA:46,2
DA:47,4
DA:48,2
DA:51,2
DA:52,1
DA:53,1
DA:54,4
DA:55,1
DA:56,1
DA:57,1
DA:58,1
DA:59,1
DA:60,1
DA:61,1
DA:62,1
DA:63,1
DA:64,1
DA:67,2
DA:68,2
DA:69,2
DA:70,2
DA:71,2
DA:72,2
DA:73,2
DA:74,2
DA:75,2
DA:76,2
DA:77,2
DA:78,2
DA:79,2
DA:80,2
DA:81,2
DA:85,2
DA:86,2
DA:87,2
DA:88,2
DA:89,2
DA:90,2
DA:91,2
DA:92,2
DA:93,2
DA:94,2
DA:95,2
DA:96,2
DA:97,2
DA:98,2
DA:99,2
LF:59
LH:59
end_of_record
SF:lib\data\models\tv_show_detail_model.dart
DA:6,2
DA:47,1
DA:48,1
DA:49,1
DA:50,1
DA:51,1
DA:52,1
DA:53,4
DA:54,1
DA:55,1
DA:56,1
DA:57,1
DA:58,1
DA:59,1
DA:60,2
DA:61,1
DA:62,1
DA:63,1
DA:64,1
DA:65,1
DA:66,2
DA:67,1
DA:68,1
DA:70,0
DA:71,0
DA:72,0
DA:73,0
DA:74,0
DA:75,0
DA:76,0
DA:77,0
DA:78,0
DA:79,0
DA:80,0
DA:81,0
DA:82,0
DA:83,0
DA:84,0
DA:85,0
DA:86,0
DA:87,0
DA:88,0
DA:89,0
DA:92,1
DA:93,1
DA:94,1
DA:95,5
DA:96,1
DA:97,1
DA:98,1
DA:99,1
DA:100,1
DA:101,1
DA:102,1
DA:103,1
DA:104,1
DA:108,1
DA:110,1
DA:111,1
DA:112,1
DA:113,1
DA:114,1
DA:115,1
DA:116,1
DA:117,1
DA:118,1
DA:119,1
DA:120,1
DA:121,1
DA:122,1
DA:123,1
DA:124,1
DA:125,1
DA:126,1
DA:127,1
DA:128,1
DA:129,1
LF:77
LH:57
end_of_record
SF:lib\data\models\tv_show_model.dart
DA:5,2
DA:33,2
DA:34,1
DA:35,4
DA:36,1
DA:37,2
DA:38,1
DA:39,2
DA:40,1
DA:41,1
DA:42,2
DA:43,2
DA:44,2
DA:45,1
DA:48,0
DA:49,0
DA:50,0
DA:51,0
DA:52,0
DA:53,0
DA:54,0
DA:55,0
DA:56,0
DA:57,0
DA:58,0
DA:59,0
DA:60,0
DA:63,1
DA:64,1
DA:65,1
DA:66,1
DA:67,1
DA:68,1
DA:69,1
DA:70,1
DA:71,1
DA:72,1
DA:73,1
DA:74,1
DA:75,1
DA:76,1
DA:80,1
DA:81,1
DA:82,1
DA:83,1
DA:84,1
DA:85,1
DA:86,1
DA:87,1
DA:88,1
DA:89,1
DA:90,1
DA:91,1
DA:92,1
DA:93,1
LF:55
LH:42
end_of_record
SF:lib\common\constants.dart
DA:26,0
DA:27,0
DA:28,0
DA:30,0
DA:32,0
DA:36,0
DA:37,0
DA:38,0
DA:39,0
DA:40,0
LF:10
LH:0
end_of_record
SF:lib\data\models\movie_response.dart
DA:7,2
DA:9,4
DA:10,4
DA:11,6
DA:12,6
DA:15,2
DA:16,5
DA:19,1
DA:20,2
LF:9
LH:9
end_of_record
SF:lib\data\models\tv_response_response.dart
DA:7,1
DA:9,2
DA:10,2
DA:11,3
DA:12,3
DA:15,0
DA:16,0
DA:19,0
DA:20,0
LF:9
LH:5
end_of_record
SF:lib\data\models\genre_model.dart
DA:5,4
DA:13,4
DA:14,2
DA:15,2
DA:18,0
DA:19,0
DA:20,0
DA:23,2
DA:24,6
DA:27,2
DA:28,6
LF:11
LH:8
end_of_record
SF:lib\data\repositories\movie_repository_impl.dart
DA:17,1
DA:23,1
DA:25,3
DA:26,5
DA:27,1
DA:28,2
DA:29,1
DA:30,2
DA:31,0
DA:32,0
DA:37,1
DA:39,3
DA:40,2
DA:41,1
DA:42,2
DA:43,1
DA:44,2
DA:45,0
DA:46,0
DA:51,1
DA:53,3
DA:54,3
DA:55,1
DA:56,2
DA:57,1
DA:58,2
DA:59,0
DA:60,0
DA:65,1
DA:67,3
DA:68,5
DA:69,1
DA:70,2
DA:71,1
DA:72,2
DA:73,0
DA:74,0
DA:79,1
DA:81,3
DA:82,5
DA:83,1
DA:84,2
DA:85,1
DA:86,2
DA:87,0
DA:88,0
DA:93,1
DA:95,3
DA:96,5
DA:97,1
DA:98,2
DA:99,1
DA:100,2
DA:101,0
DA:102,0
DA:107,1
DA:110,4
DA:111,1
DA:112,1
DA:113,3
DA:120,1
DA:123,4
DA:124,1
DA:125,1
DA:126,3
DA:131,1
DA:132,3
DA:137,1
DA:138,3
DA:139,5
LF:70
LH:58
end_of_record
SF:lib\domain\usecases\movie\get_movie_detail.dart
DA:9,1
DA:11,1
DA:12,2
LF:3
LH:3
end_of_record
SF:lib\domain\usecases\tv\get_tv_show_detail.dart
DA:9,1
DA:11,1
DA:12,2
LF:3
LH:3
end_of_record
SF:lib\presentation\bloc\movie\detail\detail_movie_bloc.dart
DA:11,3
DA:12,2
DA:15,1
DA:17,1
DA:19,2
DA:20,3
DA:22,2
DA:23,3
DA:24,1
DA:25,2
LF:10
LH:10
end_of_record
SF:lib\presentation\bloc\movie\detail\detail_movie_event.dart
DA:8,1
DA:10,1
DA:12,2
LF:3
LH:3
end_of_record
SF:lib\presentation\bloc\movie\detail\detail_movie_state.dart
DA:7,0
DA:8,0
DA:12,1
DA:13,1
DA:19,1
DA:21,1
DA:22,2
DA:28,1
DA:30,1
DA:31,2
LF:10
LH:8
end_of_record
SF:lib\presentation\bloc\tv\detail\detail_tv_show_bloc.dart
DA:14,3
DA:15,2
DA:18,1
DA:20,1
DA:22,2
DA:23,3
DA:25,2
DA:26,3
DA:27,1
DA:28,2
LF:10
LH:10
end_of_record
SF:lib\presentation\bloc\tv\detail\detail_tv_show_event.dart
DA:8,1
DA:10,1
DA:12,2
LF:3
LH:3
end_of_record
SF:lib\presentation\bloc\tv\detail\detail_tv_show_state.dart
DA:7,0
DA:8,0
DA:12,1
DA:13,1
DA:19,1
DA:21,1
DA:22,2
DA:28,1
DA:30,1
DA:31,2
LF:10
LH:8
end_of_record
SF:lib\data\repositories\tv_show_repository_impl.dart
DA:17,1
DA:21,1
DA:23,3
DA:24,5
DA:25,1
DA:26,2
DA:27,1
DA:28,2
DA:29,0
DA:30,0
DA:35,1
DA:37,3
DA:38,5
DA:39,1
DA:40,2
DA:41,1
DA:42,2
DA:43,0
DA:44,0
DA:49,1
DA:51,3
DA:52,5
DA:53,1
DA:54,2
DA:55,1
DA:56,2
DA:57,0
DA:58,0
DA:63,1
DA:65,3
DA:66,2
DA:67,1
DA:68,2
DA:69,1
DA:70,2
DA:71,0
DA:72,0
DA:77,1
DA:79,3
DA:80,3
DA:81,1
DA:82,2
DA:83,1
DA:84,2
DA:85,0
DA:86,0
DA:91,1
DA:92,3
DA:93,5
DA:97,1
DA:98,3
DA:103,0
DA:106,0
DA:107,0
DA:108,0
DA:109,0
DA:114,0
DA:117,0
DA:118,0
DA:119,0
DA:120,0
DA:127,1
DA:129,3
DA:130,5
DA:131,1
DA:132,2
DA:133,1
DA:134,2
DA:135,0
DA:136,0
LF:70
LH:48
end_of_record
SF:lib\domain\usecases\movie\get_movie_recommendations.dart
DA:9,1
DA:11,1
DA:12,2
LF:3
LH:3
end_of_record
SF:lib\domain\usecases\movie\get_now_playing_movies.dart
DA:9,1
DA:11,1
DA:12,2
LF:3
LH:3
end_of_record
SF:lib\domain\usecases\tv\get_now_playing_tv_show.dart
DA:9,1
DA:11,1
DA:12,2
LF:3
LH:3
end_of_record
SF:lib\domain\usecases\movie\get_popular_movies.dart
DA:9,1
DA:11,1
DA:12,2
LF:3
LH:3
end_of_record
SF:lib\domain\usecases\tv\get_popular_tv_shows.dart
DA:9,1
DA:11,1
DA:12,2
LF:3
LH:3
end_of_record
SF:lib\domain\usecases\movie\get_top_rated_movies.dart
DA:9,1
DA:11,1
DA:12,2
LF:3
LH:3
end_of_record
SF:lib\domain\usecases\tv\get_top_rated_tv_shows.dart
DA:9,1
DA:11,1
DA:12,2
LF:3
LH:3
end_of_record
SF:lib\domain\usecases\tv\get_tv_show_recommendations.dart
DA:9,1
DA:11,1
DA:12,2
LF:3
LH:3
end_of_record
SF:lib\domain\usecases\movie\get_watchlist_movies.dart
DA:9,1
DA:11,1
DA:12,2
LF:3
LH:3
end_of_record
SF:lib\domain\usecases\movie\get_watchlist_status.dart
DA:6,1
DA:8,1
DA:9,2
LF:3
LH:3
end_of_record
SF:lib\domain\usecases\tv\get_watchlist_tv_shows.dart
DA:9,1
DA:11,1
DA:12,2
LF:3
LH:3
end_of_record
SF:lib\domain\usecases\movie\remove_watchlist.dart
DA:9,1
DA:11,1
DA:12,2
LF:3
LH:3
end_of_record
SF:lib\domain\usecases\tv\remove_watchlist.dart
DA:9,1
DA:11,1
DA:12,2
LF:3
LH:3
end_of_record
SF:lib\domain\usecases\movie\save_watchlist.dart
DA:9,1
DA:11,1
DA:12,2
LF:3
LH:3
end_of_record
SF:lib\domain\usecases\movie\search_movies.dart
DA:9,1
DA:11,1
DA:12,2
LF:3
LH:3
end_of_record
SF:lib\domain\usecases\tv\search_tv_shows.dart
DA:11,1
DA:13,1
DA:14,2
LF:3
LH:3
end_of_record
SF:lib\presentation\bloc\movie\now_playing\now_playing_movie_bloc.dart
DA:11,1
DA:12,2
DA:13,2
DA:16,1
DA:18,2
DA:20,3
DA:22,2
DA:23,3
DA:24,1
DA:25,1
DA:26,2
DA:27,0
LF:12
LH:11
end_of_record
SF:lib\presentation\bloc\movie\now_playing\now_playing_movie_event.dart
DA:6,1
DA:7,1
LF:2
LH:2
end_of_record
SF:lib\presentation\bloc\movie\now_playing\now_playing_movie_state.dart
DA:7,1
DA:8,1
DA:12,1
DA:13,1
DA:19,1
DA:21,1
DA:22,2
DA:28,1
DA:30,1
DA:32,2
LF:10
LH:10
end_of_record
SF:lib\presentation\bloc\movie\popular\popular_movie_bloc.dart
DA:11,1
DA:12,2
DA:13,2
DA:16,1
DA:18,2
DA:20,3
DA:22,2
DA:23,3
DA:24,1
DA:25,1
DA:26,2
DA:27,0
LF:12
LH:11
end_of_record
SF:lib\presentation\bloc\movie\popular\popular_movie_event.dart
DA:6,1
DA:7,1
LF:2
LH:2
end_of_record
SF:lib\presentation\bloc\movie\popular\popular_movie_state.dart
DA:7,1
DA:8,1
DA:12,1
DA:13,1
DA:19,1
DA:21,1
DA:22,2
DA:28,1
DA:30,1
DA:32,2
LF:10
LH:10
end_of_record
SF:lib\presentation\bloc\movie\recomendation\recomendation_movie_bloc.dart
DA:11,1
DA:12,2
DA:13,2
DA:16,1
DA:18,2
DA:20,4
DA:22,2
DA:23,3
DA:24,1
DA:25,1
DA:26,2
DA:27,0
LF:12
LH:11
end_of_record
SF:lib\presentation\bloc\movie\recomendation\recomendation_movie_event.dart
DA:8,1
DA:9,1
DA:10,1
LF:3
LH:3
end_of_record
SF:lib\presentation\bloc\movie\recomendation\recomendation_movie_state.dart
DA:7,1
DA:8,1
DA:12,1
DA:13,1
DA:19,1
DA:21,1
DA:22,2
DA:28,1
DA:30,1
DA:32,2
LF:10
LH:10
end_of_record
SF:lib\presentation\bloc\movie\top_rated\top_rated_movie_bloc.dart
DA:11,1
DA:12,2
DA:13,2
DA:16,1
DA:18,2
DA:20,3
DA:22,2
DA:23,3
DA:24,1
DA:25,1
DA:26,2
DA:27,0
LF:12
LH:11
end_of_record
SF:lib\presentation\bloc\movie\top_rated\top_rated_movie_event.dart
DA:6,1
DA:7,1
LF:2
LH:2
end_of_record
SF:lib\presentation\bloc\movie\top_rated\top_rated_movie_state.dart
DA:7,1
DA:8,1
DA:12,1
DA:13,1
DA:19,1
DA:21,1
DA:22,2
DA:28,1
DA:30,1
DA:32,2
LF:10
LH:10
end_of_record
SF:lib\presentation\bloc\movie\search\search_movie_bloc.dart
DA:11,1
DA:12,2
DA:13,2
DA:16,1
DA:18,2
DA:20,4
DA:22,2
DA:23,3
DA:24,1
DA:25,1
DA:26,2
DA:27,0
LF:12
LH:11
end_of_record
SF:lib\presentation\bloc\movie\search\search_movie_event.dart
DA:7,1
DA:9,0
DA:10,0
LF:3
LH:1
end_of_record
SF:lib\presentation\bloc\movie\search\search_movie_state.dart
DA:7,1
DA:8,1
DA:12,1
DA:13,1
DA:19,1
DA:21,1
DA:22,2
DA:28,1
DA:30,1
DA:32,2
LF:10
LH:10
end_of_record
SF:lib\presentation\bloc\movie\watchlist\watchlist_movie_bloc.dart
DA:20,1
DA:21,2
DA:22,0
DA:24,1
DA:26,2
DA:27,2
DA:28,2
DA:29,2
DA:30,2
DA:33,1
DA:35,2
DA:36,3
DA:38,2
DA:39,3
DA:40,1
DA:41,2
DA:42,1
DA:43,2
DA:44,0
DA:48,1
DA:50,1
DA:51,3
DA:52,2
DA:54,2
DA:57,1
DA:59,1
DA:61,1
DA:62,3
DA:64,3
DA:65,2
DA:66,3
DA:67,1
DA:68,2
DA:72,1
DA:74,1
DA:76,1
DA:77,3
DA:79,3
DA:80,2
DA:81,3
DA:82,1
DA:83,2
DA:87,0
DA:88,0
LF:44
LH:40
end_of_record
SF:lib\presentation\bloc\movie\watchlist\watchlist_movie_event.dart
DA:7,1
DA:9,1
DA:15,1
DA:17,1
DA:19,2
DA:25,1
DA:27,1
DA:29,2
DA:35,1
DA:37,1
DA:39,2
LF:11
LH:11
end_of_record
SF:lib\presentation\bloc\movie\watchlist\watchlist_movie_state.dart
DA:7,0
DA:8,0
DA:12,0
DA:13,0
DA:17,1
DA:18,1
DA:24,1
DA:26,1
DA:27,2
DA:33,1
DA:35,1
DA:36,2
DA:42,1
DA:44,1
DA:45,2
DA:51,1
DA:53,1
DA:54,2
LF:18
LH:14
end_of_record
SF:lib\presentation\bloc\tv\now_playing\now_playing_tv_show_bloc.dart
DA:14,1
DA:15,2
DA:16,2
DA:19,1
DA:21,2
DA:23,3
DA:25,2
DA:26,3
DA:27,1
DA:28,1
DA:29,2
DA:30,0
LF:12
LH:11
end_of_record
SF:lib\presentation\bloc\tv\now_playing\now_playing_tv_show_event.dart
DA:6,1
DA:7,1
LF:2
LH:2
end_of_record
SF:lib\presentation\bloc\tv\now_playing\now_playing_tv_show_state.dart
DA:8,1
DA:9,1
DA:13,1
DA:14,1
DA:20,1
DA:22,1
DA:23,2
DA:29,1
DA:31,1
DA:33,2
LF:10
LH:10
end_of_record
SF:lib\presentation\bloc\tv\popular\popular_tv_show_bloc.dart
DA:14,1
DA:15,2
DA:16,2
DA:19,1
DA:21,2
DA:23,3
DA:25,2
DA:26,3
DA:27,1
DA:28,1
DA:29,2
DA:30,0
LF:12
LH:11
end_of_record
SF:lib\presentation\bloc\tv\popular\popular_tv_show_event.dart
DA:6,1
DA:7,1
LF:2
LH:2
end_of_record
SF:lib\presentation\bloc\tv\popular\popular_tv_show_state.dart
DA:8,1
DA:9,1
DA:13,1
DA:14,1
DA:20,1
DA:22,1
DA:23,2
DA:29,1
DA:31,1
DA:33,2
LF:10
LH:10
end_of_record
SF:lib\presentation\bloc\tv\recomendation\recomendation_tv_show_bloc.dart
DA:14,1
DA:15,2
DA:16,2
DA:19,1
DA:21,2
DA:23,4
DA:25,2
DA:26,3
DA:27,1
DA:28,1
DA:29,2
DA:30,0
LF:12
LH:11
end_of_record
SF:lib\presentation\bloc\tv\recomendation\recomendation_tv_show_event.dart
DA:8,1
DA:9,1
DA:10,1
LF:3
LH:3
end_of_record
SF:lib\presentation\bloc\tv\recomendation\recomendation_tv_show_state.dart
DA:8,1
DA:9,1
DA:13,1
DA:14,1
DA:20,1
DA:22,1
DA:23,2
DA:29,1
DA:31,1
DA:33,2
LF:10
LH:10
end_of_record
SF:lib\presentation\bloc\tv\search\search_tv_show_bloc.dart
DA:14,1
DA:15,2
DA:16,2
DA:19,1
DA:21,2
DA:23,4
DA:25,2
DA:26,3
DA:27,1
DA:28,1
DA:29,2
DA:30,0
LF:12
LH:11
end_of_record
SF:lib\presentation\bloc\tv\search\search_tv_show_event.dart
DA:7,1
DA:9,0
DA:10,0
LF:3
LH:1
end_of_record
SF:lib\presentation\bloc\tv\search\search_tv_show_state.dart
DA:7,1
DA:8,1
DA:12,1
DA:13,1
DA:19,1
DA:21,1
DA:22,2
DA:28,1
DA:30,1
DA:32,2
LF:10
LH:10
end_of_record
SF:lib\presentation\bloc\tv\top_rated\top_rated_tv_show_bloc.dart
DA:12,1
DA:13,2
DA:14,2
DA:17,1
DA:19,2
DA:21,3
DA:23,2
DA:24,3
DA:25,1
DA:26,1
DA:27,2
DA:28,0
LF:12
LH:11
end_of_record
SF:lib\presentation\bloc\tv\top_rated\top_rated_tv_show_event.dart
DA:6,1
DA:7,1
LF:2
LH:2
end_of_record
SF:lib\presentation\bloc\tv\top_rated\top_rated_tv_show_state.dart
DA:7,1
DA:8,1
DA:12,1
DA:13,1
DA:19,1
DA:21,1
DA:22,2
DA:28,1
DA:30,1
DA:32,2
LF:10
LH:10
end_of_record
SF:lib\domain\usecases\tv\get_watchlist_status.dart
DA:6,0
DA:8,0
DA:9,0
LF:3
LH:0
end_of_record
SF:lib\domain\usecases\tv\save_watchlist.dart
DA:9,0
DA:11,0
DA:12,0
LF:3
LH:0
end_of_record
SF:lib\presentation\bloc\tv\watchlist\watchlist_tv_show_bloc.dart
DA:20,1
DA:21,2
DA:22,0
DA:24,1
DA:26,2
DA:27,2
DA:28,2
DA:29,2
DA:30,2
DA:33,1
DA:35,2
DA:36,3
DA:38,2
DA:39,3
DA:40,1
DA:41,1
DA:42,2
DA:43,0
DA:47,1
DA:49,1
DA:50,3
DA:51,2
DA:53,2
DA:56,1
DA:58,1
DA:60,1
DA:61,3
DA:63,3
DA:64,2
DA:65,3
DA:66,1
DA:67,2
DA:71,1
DA:73,1
DA:75,1
DA:76,3
DA:78,3
DA:79,2
DA:80,3
DA:81,1
DA:82,2
DA:86,0
DA:87,0
LF:43
LH:39
end_of_record
SF:lib\presentation\bloc\tv\watchlist\watchlist_tv_show_event.dart
DA:8,1
DA:10,1
DA:16,1
DA:18,1
DA:20,2
DA:26,1
DA:28,1
DA:30,2
DA:36,1
DA:38,1
DA:40,2
LF:11
LH:11
end_of_record
SF:lib\presentation\bloc\tv\watchlist\watchlist_tv_show_state.dart
DA:7,0
DA:8,0
DA:12,0
DA:13,0
DA:17,1
DA:18,1
DA:24,1
DA:26,1
DA:27,2
DA:33,1
DA:35,1
DA:36,2
DA:42,1
DA:44,1
DA:45,2
DA:51,1
DA:53,1
DA:54,2
LF:18
LH:14
end_of_record
